<?xml version='1.0' encoding='UTF-8'?>
<testsuite hostname="Q-RYANAMIRI" name="practice.MacrosTest" tests="1" errors="0" failures="0" skipped="0" time="0.02" timestamp="2020-07-11T13:07:58">
                     <properties>
[...]
</properties>
                     <testcase classname="practice.MacrosTest" name="testFunction should return it's input" time="0.02">
                                                 
                                               </testcase>
                     <system-out><![CDATA[]]></system-out>
                     <system-err><![CDATA[]]></system-err>
                   </testsuite>